2025-08-09 06:51:40.407 [info] read schema from vscode: vscode://schemas/settings/user
2025-08-09 06:51:40.624 [info] read schema from vscode: vscode://schemas/settings/resourceLanguage
2025-08-09 06:51:40.632 [info] read schema from vscode: vscode://schemas/launch
2025-08-09 06:51:40.638 [info] read schema from vscode: vscode://schemas/token-styling
2025-08-09 06:51:40.639 [info] read schema from vscode: vscode://schemas/textmate-colors
2025-08-09 06:51:40.640 [info] read schema from vscode: vscode://schemas/workbench-colors
2025-08-09 06:51:40.800 [info] cancelled
2025-08-09 06:51:41.509 [info] schema change detected vscode://schemas/settings/user
2025-08-09 06:51:41.512 [info] read schema from vscode: vscode://schemas/settings/user
2025-08-09 06:51:45.676 [info] schema change detected vscode://schemas/settings/user
2025-08-09 06:51:47.298 [info] read schema from vscode: vscode://schemas/settings/user
2025-08-09 06:51:47.532 [info] cancelled
2025-08-09 06:51:48.383 [info] schema change detected vscode://schemas/settings/user
2025-08-09 06:51:48.385 [info] read schema from vscode: vscode://schemas/settings/user
2025-08-09 06:51:51.106 [info] schema change detected vscode://schemas/settings/user
2025-08-09 06:52:27.913 [info] read schema from vscode: vscode://schemas/settings/user
2025-08-09 06:52:28.182 [info] cancelled
2025-08-09 06:52:29.001 [info] schema change detected vscode://schemas/settings/user
2025-08-09 06:52:29.003 [info] read schema from vscode: vscode://schemas/settings/user
2025-08-09 06:52:34.663 [info] schema change detected vscode://schemas/settings/user
2025-08-09 06:52:34.665 [info] read schema from vscode: vscode://schemas/settings/user
2025-08-09 06:54:37.218 [info] schema change detected vscode://schemas/settings/user
