2025-08-08 23:27:09.183 [info] [main] Log level: Info
2025-08-08 23:27:09.183 [info] [main] Validating found git in: "git"
2025-08-08 23:27:09.183 [info] [main] Using git "2.50.1" from "git"
2025-08-08 23:27:09.183 [info] [Model][doInitialScan] Initial repository scan started
2025-08-08 23:27:09.200 [info] > git rev-parse --show-toplevel [9ms]
2025-08-08 23:27:09.200 [info] fatal: not a git repository (or any of the parent directories): .git
2025-08-08 23:27:09.208 [info] > git rev-parse --show-toplevel [1ms]
2025-08-08 23:27:09.208 [info] fatal: not a git repository (or any of the parent directories): .git
2025-08-08 23:27:09.209 [info] [Model][doInitialScan] Initial repository scan completed - repositories (0), closed repositories (0), parent repositories (0), unsafe repositories (0)
2025-08-08 23:27:10.488 [info] > git rev-parse --show-toplevel [1ms]
2025-08-08 23:27:10.488 [info] fatal: not a git repository (or any of the parent directories): .git
2025-08-08 23:28:21.697 [info] [main] Log level: Info
2025-08-08 23:28:21.697 [info] [main] Validating found git in: "git"
2025-08-08 23:28:21.697 [info] [main] Using git "2.50.1" from "git"
2025-08-08 23:28:21.697 [info] [Model][doInitialScan] Initial repository scan started
2025-08-08 23:28:21.697 [info] > git rev-parse --show-toplevel [6ms]
2025-08-08 23:28:21.697 [info] fatal: not a git repository (or any of the parent directories): .git
2025-08-08 23:28:21.705 [info] > git rev-parse --show-toplevel [1ms]
2025-08-08 23:28:21.705 [info] fatal: not a git repository (or any of the parent directories): .git
2025-08-08 23:28:21.712 [info] > git rev-parse --show-toplevel [1ms]
2025-08-08 23:28:21.712 [info] fatal: not a git repository (or any of the parent directories): .git
2025-08-08 23:28:21.712 [info] [Model][doInitialScan] Initial repository scan completed - repositories (0), closed repositories (0), parent repositories (0), unsafe repositories (0)
2025-08-08 23:28:23.143 [info] > git rev-parse --show-toplevel [2ms]
2025-08-08 23:28:23.143 [info] fatal: not a git repository (or any of the parent directories): .git
2025-08-08 23:28:29.599 [info] > git rev-parse --show-toplevel [1ms]
2025-08-08 23:28:29.600 [info] fatal: not a git repository (or any of the parent directories): .git
2025-08-08 23:30:12.643 [info] > git rev-parse --show-toplevel [2ms]
2025-08-08 23:30:12.643 [info] fatal: not a git repository (or any of the parent directories): .git
