2025-08-09 06:40:35.103 [info] [main] Log level: Info
2025-08-09 06:40:35.103 [info] [main] Validating found git in: "git"
2025-08-09 06:40:35.103 [info] [main] Using git "2.50.1" from "git"
2025-08-09 06:40:35.103 [info] [Model][doInitialScan] Initial repository scan started
2025-08-09 06:40:35.103 [info] > git rev-parse --show-toplevel [7ms]
2025-08-09 06:40:35.103 [info] fatal: not a git repository (or any of the parent directories): .git
2025-08-09 06:40:35.103 [info] > git rev-parse --show-toplevel [3ms]
2025-08-09 06:40:35.103 [info] fatal: not a git repository (or any of the parent directories): .git
2025-08-09 06:40:35.103 [info] > git rev-parse --show-toplevel [1ms]
2025-08-09 06:40:35.103 [info] fatal: not a git repository (or any of the parent directories): .git
2025-08-09 06:40:35.103 [info] > git rev-parse --show-toplevel [1ms]
2025-08-09 06:40:35.103 [info] fatal: not a git repository (or any of the parent directories): .git
2025-08-09 06:40:35.103 [info] > git rev-parse --show-toplevel [1ms]
2025-08-09 06:40:35.103 [info] fatal: not a git repository (or any of the parent directories): .git
2025-08-09 06:40:35.103 [info] > git rev-parse --show-toplevel [1ms]
2025-08-09 06:40:35.103 [info] fatal: not a git repository (or any of the parent directories): .git
2025-08-09 06:40:35.103 [info] > git rev-parse --show-toplevel [1ms]
2025-08-09 06:40:35.103 [info] fatal: not a git repository (or any of the parent directories): .git
2025-08-09 06:40:35.115 [info] > git rev-parse --show-toplevel [6ms]
2025-08-09 06:40:35.115 [info] fatal: not a git repository (or any of the parent directories): .git
2025-08-09 06:40:35.141 [info] > git rev-parse --show-toplevel [19ms]
2025-08-09 06:40:35.141 [info] fatal: not a git repository (or any of the parent directories): .git
2025-08-09 06:40:35.153 [info] > git rev-parse --show-toplevel [2ms]
2025-08-09 06:40:35.153 [info] fatal: not a git repository (or any of the parent directories): .git
2025-08-09 06:40:35.161 [info] > git rev-parse --show-toplevel [1ms]
2025-08-09 06:40:35.161 [info] fatal: not a git repository (or any of the parent directories): .git
2025-08-09 06:40:35.168 [info] > git rev-parse --show-toplevel [1ms]
2025-08-09 06:40:35.168 [info] fatal: not a git repository (or any of the parent directories): .git
2025-08-09 06:40:35.175 [info] > git rev-parse --show-toplevel [1ms]
2025-08-09 06:40:35.175 [info] fatal: not a git repository (or any of the parent directories): .git
2025-08-09 06:40:35.182 [info] > git rev-parse --show-toplevel [1ms]
2025-08-09 06:40:35.182 [info] fatal: not a git repository (or any of the parent directories): .git
2025-08-09 06:40:35.190 [info] > git rev-parse --show-toplevel [1ms]
2025-08-09 06:40:35.190 [info] fatal: not a git repository (or any of the parent directories): .git
2025-08-09 06:40:35.197 [info] > git rev-parse --show-toplevel [1ms]
2025-08-09 06:40:35.198 [info] fatal: not a git repository (or any of the parent directories): .git
2025-08-09 06:40:35.204 [info] > git rev-parse --show-toplevel [0ms]
2025-08-09 06:40:35.204 [info] fatal: not a git repository (or any of the parent directories): .git
2025-08-09 06:40:35.212 [info] > git rev-parse --show-toplevel [1ms]
2025-08-09 06:40:35.212 [info] fatal: not a git repository (or any of the parent directories): .git
2025-08-09 06:40:35.220 [info] > git rev-parse --show-toplevel [2ms]
2025-08-09 06:40:35.220 [info] fatal: not a git repository (or any of the parent directories): .git
2025-08-09 06:40:35.227 [info] > git rev-parse --show-toplevel [1ms]
2025-08-09 06:40:35.227 [info] fatal: not a git repository (or any of the parent directories): .git
2025-08-09 06:40:35.236 [info] > git rev-parse --show-toplevel [1ms]
2025-08-09 06:40:35.236 [info] fatal: not a git repository (or any of the parent directories): .git
2025-08-09 06:40:35.243 [info] > git rev-parse --show-toplevel [0ms]
2025-08-09 06:40:35.243 [info] fatal: not a git repository (or any of the parent directories): .git
2025-08-09 06:40:35.252 [info] > git rev-parse --show-toplevel [1ms]
2025-08-09 06:40:35.252 [info] fatal: not a git repository (or any of the parent directories): .git
2025-08-09 06:40:35.259 [info] > git rev-parse --show-toplevel [1ms]
2025-08-09 06:40:35.259 [info] fatal: not a git repository (or any of the parent directories): .git
2025-08-09 06:40:35.268 [info] > git rev-parse --show-toplevel [1ms]
2025-08-09 06:40:35.268 [info] fatal: not a git repository (or any of the parent directories): .git
2025-08-09 06:40:35.276 [info] > git rev-parse --show-toplevel [1ms]
2025-08-09 06:40:35.276 [info] fatal: not a git repository (or any of the parent directories): .git
2025-08-09 06:40:35.284 [info] > git rev-parse --show-toplevel [1ms]
2025-08-09 06:40:35.284 [info] fatal: not a git repository (or any of the parent directories): .git
2025-08-09 06:40:35.291 [info] > git rev-parse --show-toplevel [1ms]
2025-08-09 06:40:35.291 [info] fatal: not a git repository (or any of the parent directories): .git
2025-08-09 06:40:35.299 [info] > git rev-parse --show-toplevel [1ms]
2025-08-09 06:40:35.299 [info] fatal: not a git repository (or any of the parent directories): .git
2025-08-09 06:40:35.306 [info] > git rev-parse --show-toplevel [1ms]
2025-08-09 06:40:35.306 [info] fatal: not a git repository (or any of the parent directories): .git
2025-08-09 06:40:35.314 [info] > git rev-parse --show-toplevel [1ms]
2025-08-09 06:40:35.314 [info] fatal: not a git repository (or any of the parent directories): .git
2025-08-09 06:40:35.322 [info] > git rev-parse --show-toplevel [1ms]
2025-08-09 06:40:35.322 [info] fatal: not a git repository (or any of the parent directories): .git
2025-08-09 06:40:35.330 [info] > git rev-parse --show-toplevel [1ms]
2025-08-09 06:40:35.330 [info] fatal: not a git repository (or any of the parent directories): .git
2025-08-09 06:40:35.338 [info] > git rev-parse --show-toplevel [1ms]
2025-08-09 06:40:35.338 [info] fatal: not a git repository (or any of the parent directories): .git
2025-08-09 06:40:35.346 [info] > git rev-parse --show-toplevel [1ms]
2025-08-09 06:40:35.346 [info] fatal: not a git repository (or any of the parent directories): .git
2025-08-09 06:40:35.354 [info] > git rev-parse --show-toplevel [1ms]
2025-08-09 06:40:35.354 [info] fatal: not a git repository (or any of the parent directories): .git
2025-08-09 06:40:35.361 [info] > git rev-parse --show-toplevel [1ms]
2025-08-09 06:40:35.361 [info] fatal: not a git repository (or any of the parent directories): .git
2025-08-09 06:40:35.369 [info] > git rev-parse --show-toplevel [1ms]
2025-08-09 06:40:35.369 [info] fatal: not a git repository (or any of the parent directories): .git
2025-08-09 06:40:35.377 [info] > git rev-parse --show-toplevel [1ms]
2025-08-09 06:40:35.377 [info] fatal: not a git repository (or any of the parent directories): .git
2025-08-09 06:40:35.386 [info] > git rev-parse --show-toplevel [1ms]
2025-08-09 06:40:35.386 [info] fatal: not a git repository (or any of the parent directories): .git
2025-08-09 06:40:35.396 [info] > git rev-parse --show-toplevel [4ms]
2025-08-09 06:40:35.397 [info] fatal: not a git repository (or any of the parent directories): .git
2025-08-09 06:40:35.406 [info] > git rev-parse --show-toplevel [2ms]
2025-08-09 06:40:35.406 [info] fatal: not a git repository (or any of the parent directories): .git
2025-08-09 06:40:35.413 [info] > git rev-parse --show-toplevel [1ms]
2025-08-09 06:40:35.413 [info] fatal: not a git repository (or any of the parent directories): .git
2025-08-09 06:40:35.421 [info] > git rev-parse --show-toplevel [1ms]
2025-08-09 06:40:35.421 [info] fatal: not a git repository (or any of the parent directories): .git
2025-08-09 06:40:35.428 [info] > git rev-parse --show-toplevel [1ms]
2025-08-09 06:40:35.428 [info] fatal: not a git repository (or any of the parent directories): .git
2025-08-09 06:40:35.436 [info] > git rev-parse --show-toplevel [1ms]
2025-08-09 06:40:35.436 [info] fatal: not a git repository (or any of the parent directories): .git
2025-08-09 06:40:35.444 [info] > git rev-parse --show-toplevel [1ms]
2025-08-09 06:40:35.444 [info] fatal: not a git repository (or any of the parent directories): .git
2025-08-09 06:40:35.452 [info] > git rev-parse --show-toplevel [1ms]
2025-08-09 06:40:35.452 [info] fatal: not a git repository (or any of the parent directories): .git
2025-08-09 06:40:35.461 [info] > git rev-parse --show-toplevel [1ms]
2025-08-09 06:40:35.461 [info] fatal: not a git repository (or any of the parent directories): .git
2025-08-09 06:40:35.468 [info] > git rev-parse --show-toplevel [1ms]
2025-08-09 06:40:35.468 [info] fatal: not a git repository (or any of the parent directories): .git
2025-08-09 06:40:35.476 [info] > git rev-parse --show-toplevel [1ms]
2025-08-09 06:40:35.476 [info] fatal: not a git repository (or any of the parent directories): .git
2025-08-09 06:40:35.485 [info] > git rev-parse --show-toplevel [1ms]
2025-08-09 06:40:35.485 [info] fatal: not a git repository (or any of the parent directories): .git
2025-08-09 06:40:35.492 [info] > git rev-parse --show-toplevel [0ms]
2025-08-09 06:40:35.492 [info] fatal: not a git repository (or any of the parent directories): .git
2025-08-09 06:40:35.492 [info] [Model][doInitialScan] Initial repository scan completed - repositories (0), closed repositories (0), parent repositories (0), unsafe repositories (0)
2025-08-09 06:40:36.270 [info] > git rev-parse --show-toplevel [1ms]
2025-08-09 06:40:36.270 [info] fatal: not a git repository (or any of the parent directories): .git
