2025-08-09 06:32:44.939 [info] [main] Log level: Info
2025-08-09 06:32:44.940 [info] [main] Validating found git in: "git"
2025-08-09 06:32:44.940 [info] [main] Using git "2.50.1" from "git"
2025-08-09 06:32:44.940 [info] [Model][doInitialScan] Initial repository scan started
2025-08-09 06:32:44.940 [info] > git rev-parse --show-toplevel [11ms]
2025-08-09 06:32:44.940 [info] fatal: not a git repository (or any of the parent directories): .git
2025-08-09 06:32:44.940 [info] > git rev-parse --show-toplevel [2ms]
2025-08-09 06:32:44.940 [info] fatal: not a git repository (or any of the parent directories): .git
2025-08-09 06:32:44.940 [info] > git rev-parse --show-toplevel [1ms]
2025-08-09 06:32:44.940 [info] fatal: not a git repository (or any of the parent directories): .git
2025-08-09 06:32:44.940 [info] > git rev-parse --show-toplevel [2ms]
2025-08-09 06:32:44.940 [info] fatal: not a git repository (or any of the parent directories): .git
2025-08-09 06:32:44.940 [info] > git rev-parse --show-toplevel [1ms]
2025-08-09 06:32:44.940 [info] fatal: not a git repository (or any of the parent directories): .git
2025-08-09 06:32:44.940 [info] > git rev-parse --show-toplevel [2ms]
2025-08-09 06:32:44.940 [info] fatal: not a git repository (or any of the parent directories): .git
2025-08-09 06:32:44.940 [info] > git rev-parse --show-toplevel [1ms]
2025-08-09 06:32:44.940 [info] fatal: not a git repository (or any of the parent directories): .git
2025-08-09 06:32:44.940 [info] > git rev-parse --show-toplevel [2ms]
2025-08-09 06:32:44.940 [info] fatal: not a git repository (or any of the parent directories): .git
2025-08-09 06:32:44.940 [info] > git rev-parse --show-toplevel [9ms]
2025-08-09 06:32:44.940 [info] fatal: not a git repository (or any of the parent directories): .git
2025-08-09 06:32:44.945 [info] > git rev-parse --show-toplevel [9ms]
2025-08-09 06:32:44.945 [info] fatal: not a git repository (or any of the parent directories): .git
2025-08-09 06:32:44.974 [info] > git rev-parse --show-toplevel [21ms]
2025-08-09 06:32:44.974 [info] fatal: not a git repository (or any of the parent directories): .git
2025-08-09 06:32:44.985 [info] > git rev-parse --show-toplevel [1ms]
2025-08-09 06:32:44.985 [info] fatal: not a git repository (or any of the parent directories): .git
2025-08-09 06:32:44.994 [info] > git rev-parse --show-toplevel [1ms]
2025-08-09 06:32:44.994 [info] fatal: not a git repository (or any of the parent directories): .git
2025-08-09 06:32:45.001 [info] > git rev-parse --show-toplevel [1ms]
2025-08-09 06:32:45.001 [info] fatal: not a git repository (or any of the parent directories): .git
2025-08-09 06:32:45.009 [info] > git rev-parse --show-toplevel [1ms]
2025-08-09 06:32:45.009 [info] fatal: not a git repository (or any of the parent directories): .git
2025-08-09 06:32:45.017 [info] > git rev-parse --show-toplevel [1ms]
2025-08-09 06:32:45.017 [info] fatal: not a git repository (or any of the parent directories): .git
2025-08-09 06:32:45.026 [info] > git rev-parse --show-toplevel [1ms]
2025-08-09 06:32:45.026 [info] fatal: not a git repository (or any of the parent directories): .git
2025-08-09 06:32:45.033 [info] > git rev-parse --show-toplevel [1ms]
2025-08-09 06:32:45.033 [info] fatal: not a git repository (or any of the parent directories): .git
2025-08-09 06:32:45.042 [info] > git rev-parse --show-toplevel [1ms]
2025-08-09 06:32:45.042 [info] fatal: not a git repository (or any of the parent directories): .git
2025-08-09 06:32:45.049 [info] > git rev-parse --show-toplevel [1ms]
2025-08-09 06:32:45.049 [info] fatal: not a git repository (or any of the parent directories): .git
2025-08-09 06:32:45.059 [info] > git rev-parse --show-toplevel [2ms]
2025-08-09 06:32:45.059 [info] fatal: not a git repository (or any of the parent directories): .git
2025-08-09 06:32:45.066 [info] > git rev-parse --show-toplevel [1ms]
2025-08-09 06:32:45.066 [info] fatal: not a git repository (or any of the parent directories): .git
2025-08-09 06:32:45.075 [info] > git rev-parse --show-toplevel [2ms]
2025-08-09 06:32:45.075 [info] fatal: not a git repository (or any of the parent directories): .git
2025-08-09 06:32:45.082 [info] > git rev-parse --show-toplevel [1ms]
2025-08-09 06:32:45.082 [info] fatal: not a git repository (or any of the parent directories): .git
2025-08-09 06:32:45.089 [info] > git rev-parse --show-toplevel [2ms]
2025-08-09 06:32:45.089 [info] fatal: not a git repository (or any of the parent directories): .git
2025-08-09 06:32:45.097 [info] > git rev-parse --show-toplevel [1ms]
2025-08-09 06:32:45.097 [info] fatal: not a git repository (or any of the parent directories): .git
2025-08-09 06:32:45.105 [info] > git rev-parse --show-toplevel [1ms]
2025-08-09 06:32:45.105 [info] fatal: not a git repository (or any of the parent directories): .git
2025-08-09 06:32:45.113 [info] > git rev-parse --show-toplevel [1ms]
2025-08-09 06:32:45.113 [info] fatal: not a git repository (or any of the parent directories): .git
2025-08-09 06:32:45.123 [info] > git rev-parse --show-toplevel [2ms]
2025-08-09 06:32:45.123 [info] fatal: not a git repository (or any of the parent directories): .git
2025-08-09 06:32:45.131 [info] > git rev-parse --show-toplevel [1ms]
2025-08-09 06:32:45.131 [info] fatal: not a git repository (or any of the parent directories): .git
2025-08-09 06:32:45.141 [info] > git rev-parse --show-toplevel [2ms]
2025-08-09 06:32:45.141 [info] fatal: not a git repository (or any of the parent directories): .git
2025-08-09 06:32:45.149 [info] > git rev-parse --show-toplevel [1ms]
2025-08-09 06:32:45.149 [info] fatal: not a git repository (or any of the parent directories): .git
2025-08-09 06:32:45.158 [info] > git rev-parse --show-toplevel [1ms]
2025-08-09 06:32:45.158 [info] fatal: not a git repository (or any of the parent directories): .git
2025-08-09 06:32:45.167 [info] > git rev-parse --show-toplevel [1ms]
2025-08-09 06:32:45.167 [info] fatal: not a git repository (or any of the parent directories): .git
2025-08-09 06:32:45.176 [info] > git rev-parse --show-toplevel [1ms]
2025-08-09 06:32:45.176 [info] fatal: not a git repository (or any of the parent directories): .git
2025-08-09 06:32:45.183 [info] > git rev-parse --show-toplevel [1ms]
2025-08-09 06:32:45.183 [info] fatal: not a git repository (or any of the parent directories): .git
2025-08-09 06:32:45.191 [info] > git rev-parse --show-toplevel [2ms]
2025-08-09 06:32:45.191 [info] fatal: not a git repository (or any of the parent directories): .git
2025-08-09 06:32:45.199 [info] > git rev-parse --show-toplevel [1ms]
2025-08-09 06:32:45.199 [info] fatal: not a git repository (or any of the parent directories): .git
2025-08-09 06:32:45.208 [info] > git rev-parse --show-toplevel [1ms]
2025-08-09 06:32:45.208 [info] fatal: not a git repository (or any of the parent directories): .git
2025-08-09 06:32:45.216 [info] > git rev-parse --show-toplevel [1ms]
2025-08-09 06:32:45.216 [info] fatal: not a git repository (or any of the parent directories): .git
2025-08-09 06:32:45.224 [info] > git rev-parse --show-toplevel [2ms]
2025-08-09 06:32:45.224 [info] fatal: not a git repository (or any of the parent directories): .git
2025-08-09 06:32:45.232 [info] > git rev-parse --show-toplevel [1ms]
2025-08-09 06:32:45.232 [info] fatal: not a git repository (or any of the parent directories): .git
2025-08-09 06:32:45.242 [info] > git rev-parse --show-toplevel [1ms]
2025-08-09 06:32:45.242 [info] fatal: not a git repository (or any of the parent directories): .git
2025-08-09 06:32:45.250 [info] > git rev-parse --show-toplevel [1ms]
2025-08-09 06:32:45.250 [info] fatal: not a git repository (or any of the parent directories): .git
2025-08-09 06:32:45.257 [info] > git rev-parse --show-toplevel [2ms]
2025-08-09 06:32:45.257 [info] fatal: not a git repository (or any of the parent directories): .git
2025-08-09 06:32:45.265 [info] > git rev-parse --show-toplevel [0ms]
2025-08-09 06:32:45.265 [info] fatal: not a git repository (or any of the parent directories): .git
2025-08-09 06:32:45.272 [info] > git rev-parse --show-toplevel [1ms]
2025-08-09 06:32:45.272 [info] fatal: not a git repository (or any of the parent directories): .git
2025-08-09 06:32:45.281 [info] > git rev-parse --show-toplevel [1ms]
2025-08-09 06:32:45.281 [info] fatal: not a git repository (or any of the parent directories): .git
2025-08-09 06:32:45.288 [info] > git rev-parse --show-toplevel [1ms]
2025-08-09 06:32:45.288 [info] fatal: not a git repository (or any of the parent directories): .git
2025-08-09 06:32:45.297 [info] > git rev-parse --show-toplevel [1ms]
2025-08-09 06:32:45.297 [info] fatal: not a git repository (or any of the parent directories): .git
2025-08-09 06:32:45.305 [info] > git rev-parse --show-toplevel [1ms]
2025-08-09 06:32:45.305 [info] fatal: not a git repository (or any of the parent directories): .git
2025-08-09 06:32:45.314 [info] > git rev-parse --show-toplevel [2ms]
2025-08-09 06:32:45.314 [info] fatal: not a git repository (or any of the parent directories): .git
2025-08-09 06:32:45.321 [info] > git rev-parse --show-toplevel [1ms]
2025-08-09 06:32:45.321 [info] fatal: not a git repository (or any of the parent directories): .git
2025-08-09 06:32:45.329 [info] > git rev-parse --show-toplevel [1ms]
2025-08-09 06:32:45.329 [info] fatal: not a git repository (or any of the parent directories): .git
2025-08-09 06:32:45.330 [info] [Model][doInitialScan] Initial repository scan completed - repositories (0), closed repositories (0), parent repositories (0), unsafe repositories (0)
2025-08-09 06:32:45.337 [info] > git rev-parse --show-toplevel [1ms]
2025-08-09 06:32:45.337 [info] fatal: not a git repository (or any of the parent directories): .git
2025-08-09 06:32:46.608 [info] > git rev-parse --show-toplevel [1ms]
2025-08-09 06:32:46.608 [info] fatal: not a git repository (or any of the parent directories): .git
2025-08-09 06:33:00.978 [info] > git rev-parse --show-toplevel [2ms]
2025-08-09 06:33:00.978 [info] fatal: not a git repository (or any of the parent directories): .git
