2025-08-09 07:11:02.604 [info] Reading sessions from keychain...
2025-08-09 07:11:02.604 [info] Getting sessions for all scopes...
2025-08-09 07:11:02.604 [info] Got 0 sessions for ...
2025-08-09 07:11:02.604 [info] Getting sessions for all scopes...
2025-08-09 07:11:02.604 [info] Got 0 sessions for ...
2025-08-09 07:11:02.604 [info] Getting sessions for all scopes...
2025-08-09 07:11:02.604 [info] Got 0 sessions for ...
2025-08-09 07:11:02.604 [info] Getting sessions for all scopes...
2025-08-09 07:11:02.604 [info] Got 0 sessions for ...
2025-08-09 07:11:02.604 [info] Getting sessions for all scopes...
2025-08-09 07:11:02.604 [info] Got 0 sessions for ...
2025-08-09 07:11:02.604 [info] Getting sessions for read:user,repo,user:email,workflow...
2025-08-09 07:11:02.604 [info] Got 0 sessions for read:user,repo,user:email,workflow...
2025-08-09 07:11:02.604 [info] Getting sessions for read:user,repo,user:email,workflow...
2025-08-09 07:11:02.604 [info] Got 0 sessions for read:user,repo,user:email,workflow...
2025-08-09 07:11:08.734 [info] Logging in with 'any' account...
2025-08-09 07:11:08.734 [info] Logging in for the following scopes: read:user repo user:email workflow
2025-08-09 07:11:08.742 [info] Trying device code flow... (read:user repo user:email workflow)
2025-08-09 07:11:39.863 [info] Getting user info...
2025-08-09 07:11:40.380 [info] Got account info!
2025-08-09 07:11:40.380 [info] Storing 1 sessions...
2025-08-09 07:11:56.025 [info] Reading sessions from keychain...
2025-08-09 07:11:56.025 [info] Stored 1 sessions!
2025-08-09 07:11:56.026 [info] Login success!
2025-08-09 07:11:56.042 [info] Got stored sessions!
2025-08-09 07:11:56.042 [info] Got 1 verified sessions.
2025-08-09 07:11:56.050 [info] Getting sessions for read:user,repo,user:email,workflow...
2025-08-09 07:11:56.050 [info] Got 1 sessions for read:user,repo,user:email,workflow...
