2025-08-09 06:18:41.825 [info] [main] Log level: Info
2025-08-09 06:18:41.825 [info] [main] Validating found git in: "git"
2025-08-09 06:18:41.825 [info] [main] Using git "2.50.1" from "git"
2025-08-09 06:18:41.825 [info] [Model][doInitialScan] Initial repository scan started
2025-08-09 06:18:41.825 [info] > git rev-parse --show-toplevel [3ms]
2025-08-09 06:18:41.825 [info] fatal: not a git repository (or any of the parent directories): .git
2025-08-09 06:18:41.825 [info] > git rev-parse --show-toplevel [1ms]
2025-08-09 06:18:41.825 [info] fatal: not a git repository (or any of the parent directories): .git
2025-08-09 06:18:41.825 [info] > git rev-parse --show-toplevel [2ms]
2025-08-09 06:18:41.825 [info] fatal: not a git repository (or any of the parent directories): .git
2025-08-09 06:18:41.839 [info] > git rev-parse --show-toplevel [7ms]
2025-08-09 06:18:41.839 [info] fatal: not a git repository (or any of the parent directories): .git
2025-08-09 06:18:41.840 [info] [Model][doInitialScan] Initial repository scan completed - repositories (0), closed repositories (0), parent repositories (0), unsafe repositories (0)
2025-08-09 06:18:41.935 [info] > git rev-parse --show-toplevel [21ms]
2025-08-09 06:18:41.935 [info] fatal: not a git repository (or any of the parent directories): .git
2025-08-09 06:18:42.311 [info] > git rev-parse --show-toplevel [2ms]
2025-08-09 06:18:42.311 [info] fatal: not a git repository (or any of the parent directories): .git
2025-08-09 06:18:42.484 [info] > git rev-parse --show-toplevel [1ms]
2025-08-09 06:18:42.484 [info] fatal: not a git repository (or any of the parent directories): .git
2025-08-09 06:18:42.515 [info] > git rev-parse --show-toplevel [2ms]
2025-08-09 06:18:42.515 [info] fatal: not a git repository (or any of the parent directories): .git
2025-08-09 06:18:43.282 [info] > git rev-parse --show-toplevel [1ms]
2025-08-09 06:18:43.282 [info] fatal: not a git repository (or any of the parent directories): .git
2025-08-09 06:18:48.822 [info] [main] Log level: Info
2025-08-09 06:18:48.822 [info] [main] Validating found git in: "git"
2025-08-09 06:18:48.822 [info] [main] Using git "2.50.1" from "git"
2025-08-09 06:18:48.822 [info] [Model][doInitialScan] Initial repository scan started
2025-08-09 06:18:48.822 [info] > git rev-parse --show-toplevel [11ms]
2025-08-09 06:18:48.822 [info] fatal: not a git repository (or any of the parent directories): .git
2025-08-09 06:18:48.833 [info] > git rev-parse --show-toplevel [1ms]
2025-08-09 06:18:48.833 [info] fatal: not a git repository (or any of the parent directories): .git
2025-08-09 06:18:48.842 [info] > git rev-parse --show-toplevel [2ms]
2025-08-09 06:18:48.842 [info] fatal: not a git repository (or any of the parent directories): .git
2025-08-09 06:18:48.848 [info] > git rev-parse --show-toplevel [1ms]
2025-08-09 06:18:48.848 [info] fatal: not a git repository (or any of the parent directories): .git
2025-08-09 06:18:48.857 [info] > git rev-parse --show-toplevel [1ms]
2025-08-09 06:18:48.857 [info] fatal: not a git repository (or any of the parent directories): .git
2025-08-09 06:18:48.863 [info] > git rev-parse --show-toplevel [1ms]
2025-08-09 06:18:48.863 [info] fatal: not a git repository (or any of the parent directories): .git
2025-08-09 06:18:48.870 [info] > git rev-parse --show-toplevel [1ms]
2025-08-09 06:18:48.870 [info] fatal: not a git repository (or any of the parent directories): .git
2025-08-09 06:18:48.877 [info] > git rev-parse --show-toplevel [1ms]
2025-08-09 06:18:48.877 [info] fatal: not a git repository (or any of the parent directories): .git
2025-08-09 06:18:48.890 [info] > git rev-parse --show-toplevel [7ms]
2025-08-09 06:18:48.890 [info] fatal: not a git repository (or any of the parent directories): .git
2025-08-09 06:18:48.920 [info] > git rev-parse --show-toplevel [5ms]
2025-08-09 06:18:48.920 [info] fatal: not a git repository (or any of the parent directories): .git
2025-08-09 06:18:48.929 [info] > git rev-parse --show-toplevel [1ms]
2025-08-09 06:18:48.929 [info] fatal: not a git repository (or any of the parent directories): .git
2025-08-09 06:18:48.936 [info] > git rev-parse --show-toplevel [1ms]
2025-08-09 06:18:48.936 [info] fatal: not a git repository (or any of the parent directories): .git
2025-08-09 06:18:48.944 [info] > git rev-parse --show-toplevel [2ms]
2025-08-09 06:18:48.944 [info] fatal: not a git repository (or any of the parent directories): .git
2025-08-09 06:18:48.951 [info] > git rev-parse --show-toplevel [1ms]
2025-08-09 06:18:48.951 [info] fatal: not a git repository (or any of the parent directories): .git
2025-08-09 06:18:48.958 [info] > git rev-parse --show-toplevel [1ms]
2025-08-09 06:18:48.958 [info] fatal: not a git repository (or any of the parent directories): .git
2025-08-09 06:18:48.965 [info] > git rev-parse --show-toplevel [1ms]
2025-08-09 06:18:48.965 [info] fatal: not a git repository (or any of the parent directories): .git
2025-08-09 06:18:48.972 [info] > git rev-parse --show-toplevel [1ms]
2025-08-09 06:18:48.972 [info] fatal: not a git repository (or any of the parent directories): .git
2025-08-09 06:18:48.979 [info] > git rev-parse --show-toplevel [1ms]
2025-08-09 06:18:48.979 [info] fatal: not a git repository (or any of the parent directories): .git
2025-08-09 06:18:48.986 [info] > git rev-parse --show-toplevel [1ms]
2025-08-09 06:18:48.986 [info] fatal: not a git repository (or any of the parent directories): .git
2025-08-09 06:18:48.993 [info] > git rev-parse --show-toplevel [1ms]
2025-08-09 06:18:48.993 [info] fatal: not a git repository (or any of the parent directories): .git
2025-08-09 06:18:49.000 [info] > git rev-parse --show-toplevel [1ms]
2025-08-09 06:18:49.000 [info] fatal: not a git repository (or any of the parent directories): .git
2025-08-09 06:18:49.007 [info] > git rev-parse --show-toplevel [1ms]
2025-08-09 06:18:49.007 [info] fatal: not a git repository (or any of the parent directories): .git
2025-08-09 06:18:49.014 [info] > git rev-parse --show-toplevel [1ms]
2025-08-09 06:18:49.014 [info] fatal: not a git repository (or any of the parent directories): .git
2025-08-09 06:18:49.021 [info] > git rev-parse --show-toplevel [1ms]
2025-08-09 06:18:49.022 [info] fatal: not a git repository (or any of the parent directories): .git
2025-08-09 06:18:49.029 [info] > git rev-parse --show-toplevel [1ms]
2025-08-09 06:18:49.029 [info] fatal: not a git repository (or any of the parent directories): .git
2025-08-09 06:18:49.036 [info] > git rev-parse --show-toplevel [1ms]
2025-08-09 06:18:49.036 [info] fatal: not a git repository (or any of the parent directories): .git
2025-08-09 06:18:49.044 [info] > git rev-parse --show-toplevel [1ms]
2025-08-09 06:18:49.045 [info] fatal: not a git repository (or any of the parent directories): .git
2025-08-09 06:18:49.052 [info] > git rev-parse --show-toplevel [1ms]
2025-08-09 06:18:49.052 [info] fatal: not a git repository (or any of the parent directories): .git
2025-08-09 06:18:49.060 [info] > git rev-parse --show-toplevel [2ms]
2025-08-09 06:18:49.060 [info] fatal: not a git repository (or any of the parent directories): .git
2025-08-09 06:18:49.069 [info] > git rev-parse --show-toplevel [2ms]
2025-08-09 06:18:49.069 [info] fatal: not a git repository (or any of the parent directories): .git
2025-08-09 06:18:49.076 [info] > git rev-parse --show-toplevel [1ms]
2025-08-09 06:18:49.076 [info] fatal: not a git repository (or any of the parent directories): .git
2025-08-09 06:18:49.085 [info] > git rev-parse --show-toplevel [2ms]
2025-08-09 06:18:49.085 [info] fatal: not a git repository (or any of the parent directories): .git
2025-08-09 06:18:49.093 [info] > git rev-parse --show-toplevel [1ms]
2025-08-09 06:18:49.093 [info] fatal: not a git repository (or any of the parent directories): .git
2025-08-09 06:18:49.100 [info] > git rev-parse --show-toplevel [1ms]
2025-08-09 06:18:49.100 [info] fatal: not a git repository (or any of the parent directories): .git
2025-08-09 06:18:49.108 [info] > git rev-parse --show-toplevel [1ms]
2025-08-09 06:18:49.108 [info] fatal: not a git repository (or any of the parent directories): .git
2025-08-09 06:18:49.116 [info] > git rev-parse --show-toplevel [1ms]
2025-08-09 06:18:49.116 [info] fatal: not a git repository (or any of the parent directories): .git
2025-08-09 06:18:49.123 [info] > git rev-parse --show-toplevel [1ms]
2025-08-09 06:18:49.124 [info] fatal: not a git repository (or any of the parent directories): .git
2025-08-09 06:18:49.131 [info] > git rev-parse --show-toplevel [1ms]
2025-08-09 06:18:49.131 [info] fatal: not a git repository (or any of the parent directories): .git
2025-08-09 06:18:49.137 [info] > git rev-parse --show-toplevel [1ms]
2025-08-09 06:18:49.137 [info] fatal: not a git repository (or any of the parent directories): .git
2025-08-09 06:18:49.145 [info] > git rev-parse --show-toplevel [1ms]
2025-08-09 06:18:49.145 [info] fatal: not a git repository (or any of the parent directories): .git
2025-08-09 06:18:49.155 [info] > git rev-parse --show-toplevel [4ms]
2025-08-09 06:18:49.155 [info] fatal: not a git repository (or any of the parent directories): .git
2025-08-09 06:18:49.162 [info] > git rev-parse --show-toplevel [1ms]
2025-08-09 06:18:49.162 [info] fatal: not a git repository (or any of the parent directories): .git
2025-08-09 06:18:49.169 [info] > git rev-parse --show-toplevel [0ms]
2025-08-09 06:18:49.169 [info] fatal: not a git repository (or any of the parent directories): .git
2025-08-09 06:18:49.177 [info] > git rev-parse --show-toplevel [1ms]
2025-08-09 06:18:49.177 [info] fatal: not a git repository (or any of the parent directories): .git
2025-08-09 06:18:49.185 [info] > git rev-parse --show-toplevel [1ms]
2025-08-09 06:18:49.185 [info] fatal: not a git repository (or any of the parent directories): .git
2025-08-09 06:18:49.193 [info] > git rev-parse --show-toplevel [1ms]
2025-08-09 06:18:49.193 [info] fatal: not a git repository (or any of the parent directories): .git
2025-08-09 06:18:49.200 [info] > git rev-parse --show-toplevel [2ms]
2025-08-09 06:18:49.200 [info] fatal: not a git repository (or any of the parent directories): .git
2025-08-09 06:18:49.208 [info] > git rev-parse --show-toplevel [2ms]
2025-08-09 06:18:49.208 [info] fatal: not a git repository (or any of the parent directories): .git
2025-08-09 06:18:49.215 [info] > git rev-parse --show-toplevel [1ms]
2025-08-09 06:18:49.215 [info] fatal: not a git repository (or any of the parent directories): .git
2025-08-09 06:18:49.222 [info] > git rev-parse --show-toplevel [2ms]
2025-08-09 06:18:49.222 [info] fatal: not a git repository (or any of the parent directories): .git
2025-08-09 06:18:49.229 [info] > git rev-parse --show-toplevel [1ms]
2025-08-09 06:18:49.229 [info] fatal: not a git repository (or any of the parent directories): .git
2025-08-09 06:18:49.237 [info] > git rev-parse --show-toplevel [1ms]
2025-08-09 06:18:49.237 [info] fatal: not a git repository (or any of the parent directories): .git
2025-08-09 06:18:49.238 [info] [Model][doInitialScan] Initial repository scan completed - repositories (0), closed repositories (0), parent repositories (0), unsafe repositories (0)
2025-08-09 06:18:50.458 [info] > git rev-parse --show-toplevel [0ms]
2025-08-09 06:18:50.458 [info] fatal: not a git repository (or any of the parent directories): .git
2025-08-09 06:18:53.282 [info] > git rev-parse --show-toplevel [1ms]
2025-08-09 06:18:53.282 [info] fatal: not a git repository (or any of the parent directories): .git
