2025-08-09 07:05:55.279 [info] [main] Log level: Info
2025-08-09 07:05:55.279 [info] [main] Validating found git in: "git"
2025-08-09 07:05:55.279 [info] [main] Using git "2.50.1" from "git"
2025-08-09 07:05:55.279 [info] [Model][doInitialScan] Initial repository scan started
2025-08-09 07:05:55.279 [info] > git rev-parse --show-toplevel [7ms]
2025-08-09 07:05:55.279 [info] fatal: not a git repository (or any of the parent directories): .git
2025-08-09 07:05:55.279 [info] [Model][doInitialScan] Initial repository scan completed - repositories (0), closed repositories (0), parent repositories (0), unsafe repositories (0)
2025-08-09 07:11:02.431 [info] > git rev-parse --show-toplevel [1ms]
2025-08-09 07:11:02.439 [info] > git rev-parse --git-dir --git-common-dir [1ms]
2025-08-09 07:11:02.451 [info] [Model][openRepository] Opened repository (path): /home/tyler/Code/pfolio
2025-08-09 07:11:02.451 [info] [Model][openRepository] Opened repository (real path): /home/tyler/Code/pfolio
2025-08-09 07:11:02.463 [info] > git config --get commit.template [2ms]
2025-08-09 07:11:02.471 [warning] [Git][getHEAD] Failed to parse HEAD file: Repository is using reftable format.
2025-08-09 07:11:02.491 [info] > git symbolic-ref --short HEAD [20ms]
2025-08-09 07:11:02.491 [info] fatal: No such ref: HEAD
2025-08-09 07:11:02.511 [info] > git rev-parse HEAD [14ms]
2025-08-09 07:11:02.511 [info] fatal: ambiguous argument 'HEAD': unknown revision or path not in the working tree.
Use '--' to separate paths from revisions, like this:
'git <command> [<revision>...] -- [<file>...]'
2025-08-09 07:11:02.528 [info] > git status -z -uall [10ms]
2025-08-09 07:11:02.528 [info] > git for-each-ref --sort -committerdate --format %(refname)%00%(objectname)%00%(*objectname) [2ms]
2025-08-09 07:11:02.547 [info] > git symbolic-ref --short HEAD [9ms]
2025-08-09 07:11:02.547 [info] fatal: No such ref: HEAD
2025-08-09 07:11:02.555 [info] > git rev-parse HEAD [2ms]
2025-08-09 07:11:02.555 [info] fatal: ambiguous argument 'HEAD': unknown revision or path not in the working tree.
Use '--' to separate paths from revisions, like this:
'git <command> [<revision>...] -- [<file>...]'
2025-08-09 07:11:02.556 [info] > git config --get commit.template [9ms]
2025-08-09 07:11:02.572 [info] > git status -z -uall [10ms]
2025-08-09 07:11:02.595 [info] > git for-each-ref --sort -committerdate --format %(refname)%00%(objectname)%00%(*objectname) [24ms]
2025-08-09 07:11:02.982 [info] > git check-ignore -v -z --stdin [3ms]
2025-08-09 07:11:58.164 [info] > git symbolic-ref --short HEAD [12ms]
2025-08-09 07:11:58.173 [info] > git config --get commit.template [10ms]
2025-08-09 07:11:58.174 [info] > git for-each-ref --format=%(refname)%00%(upstream:short)%00%(objectname)%00%(upstream:track)%00%(upstream:remotename)%00%(upstream:remoteref) refs/heads/main refs/remotes/main [2ms]
2025-08-09 07:11:58.174 [warning] [Git][getBranch] No such branch: main
2025-08-09 07:11:58.190 [info] > git status -z -uall [9ms]
2025-08-09 07:11:58.191 [info] > git for-each-ref --sort -committerdate --format %(refname)%00%(objectname)%00%(*objectname) [1ms]
2025-08-09 07:11:58.206 [info] > git for-each-ref --format=%(refname)%00%(upstream:short)%00%(objectname)%00%(upstream:track)%00%(upstream:remotename)%00%(upstream:remoteref) refs/heads/main refs/remotes/main [3ms]
2025-08-09 07:11:58.206 [warning] [Git][getBranch] No such branch: main
2025-08-09 07:11:58.206 [error] [GitHistoryProvider][resolveHEADMergeBase] Failed to resolve merge base for main: Error: No such branch: main.
2025-08-09 07:12:06.375 [info] > git symbolic-ref --short HEAD [9ms]
2025-08-09 07:12:06.382 [info] > git config --get commit.template [8ms]
2025-08-09 07:12:06.382 [info] > git for-each-ref --format=%(refname)%00%(upstream:short)%00%(objectname)%00%(upstream:track)%00%(upstream:remotename)%00%(upstream:remoteref) refs/heads/main refs/remotes/main [1ms]
2025-08-09 07:12:06.382 [warning] [Git][getBranch] No such branch: main
2025-08-09 07:12:06.398 [info] > git status -z -uall [8ms]
2025-08-09 07:12:06.399 [info] > git for-each-ref --sort -committerdate --format %(refname)%00%(objectname)%00%(*objectname) [2ms]
2025-08-09 07:38:31.991 [warning] [Git][getRemotes] Error: ENOENT: no such file or directory, open '/home/tyler/Code/pfolio/.git/config'
2025-08-09 07:38:32.027 [warning] [Git][getRemotes] Error: ENOENT: no such file or directory, open '/home/tyler/Code/pfolio/.git/config'
2025-08-09 07:41:57.851 [info] > git rev-parse --show-toplevel [0ms]
2025-08-09 07:41:57.851 [info] fatal: not a git repository (or any of the parent directories): .git
2025-08-09 07:43:13.325 [info] > git rev-parse --show-toplevel [2ms]
2025-08-09 07:43:13.325 [info] fatal: not a git repository (or any of the parent directories): .git
2025-08-09 07:43:15.788 [info] > git rev-parse --show-toplevel [2ms]
2025-08-09 07:43:15.788 [info] fatal: not a git repository (or any of the parent directories): .git
2025-08-09 07:43:18.453 [info] > git rev-parse --show-toplevel [2ms]
2025-08-09 07:43:18.453 [info] fatal: not a git repository (or any of the parent directories): .git
2025-08-09 07:44:12.480 [info] > git rev-parse --show-toplevel [1ms]
2025-08-09 07:44:12.480 [info] fatal: not a git repository (or any of the parent directories): .git
2025-08-09 07:44:22.904 [info] > git rev-parse --show-toplevel [3ms]
2025-08-09 07:44:22.904 [info] fatal: not a git repository (or any of the parent directories): .git
2025-08-09 07:47:47.337 [info] > git rev-parse --show-toplevel [2ms]
2025-08-09 07:47:47.337 [info] fatal: not a git repository (or any of the parent directories): .git
2025-08-09 07:49:01.860 [info] > git rev-parse --show-toplevel [3ms]
2025-08-09 07:49:01.860 [info] fatal: not a git repository (or any of the parent directories): .git
2025-08-09 07:49:10.147 [info] > git rev-parse --show-toplevel [2ms]
2025-08-09 07:49:10.147 [info] fatal: not a git repository (or any of the parent directories): .git
2025-08-09 07:50:22.914 [info] > git rev-parse --show-toplevel [1ms]
2025-08-09 07:50:22.914 [info] fatal: not a git repository (or any of the parent directories): .git
2025-08-09 07:50:53.772 [info] > git rev-parse --show-toplevel [1ms]
2025-08-09 07:50:53.772 [info] fatal: not a git repository (or any of the parent directories): .git
2025-08-09 07:51:10.957 [info] > git rev-parse --show-toplevel [2ms]
2025-08-09 07:51:10.957 [info] fatal: not a git repository (or any of the parent directories): .git
2025-08-09 07:51:53.451 [info] > git rev-parse --show-toplevel [1ms]
2025-08-09 07:51:53.451 [info] fatal: not a git repository (or any of the parent directories): .git
2025-08-09 07:52:05.186 [info] > git rev-parse --show-toplevel [3ms]
2025-08-09 07:52:05.186 [info] fatal: not a git repository (or any of the parent directories): .git
2025-08-09 07:57:50.318 [info] > git rev-parse --show-toplevel [1ms]
2025-08-09 07:57:50.318 [info] fatal: not a git repository (or any of the parent directories): .git
2025-08-09 07:57:51.590 [info] > git rev-parse --show-toplevel [1ms]
2025-08-09 07:57:51.590 [info] fatal: not a git repository (or any of the parent directories): .git
2025-08-09 07:57:51.621 [info] > git rev-parse --show-toplevel [2ms]
2025-08-09 07:57:51.621 [info] fatal: not a git repository (or any of the parent directories): .git
2025-08-09 07:58:59.872 [info] > git rev-parse --show-toplevel [1ms]
2025-08-09 07:58:59.872 [info] fatal: not a git repository (or any of the parent directories): .git
2025-08-09 07:58:59.892 [info] > git rev-parse --show-toplevel [3ms]
2025-08-09 07:58:59.892 [info] fatal: not a git repository (or any of the parent directories): .git
2025-08-09 07:59:31.534 [info] > git rev-parse --show-toplevel [2ms]
2025-08-09 07:59:31.534 [info] fatal: not a git repository (or any of the parent directories): .git
2025-08-09 08:00:01.413 [info] > git rev-parse --show-toplevel [2ms]
2025-08-09 08:00:01.413 [info] fatal: not a git repository (or any of the parent directories): .git
2025-08-09 08:00:02.314 [info] > git rev-parse --show-toplevel [1ms]
2025-08-09 08:00:02.314 [info] fatal: not a git repository (or any of the parent directories): .git
2025-08-09 08:00:23.806 [info] > git rev-parse --show-toplevel [2ms]
2025-08-09 08:00:23.806 [info] fatal: not a git repository (or any of the parent directories): .git
2025-08-09 08:00:38.982 [info] > git rev-parse --show-toplevel [2ms]
2025-08-09 08:00:38.982 [info] fatal: not a git repository (or any of the parent directories): .git
2025-08-09 08:00:38.991 [info] > git rev-parse --show-toplevel [2ms]
2025-08-09 08:00:38.991 [info] fatal: not a git repository (or any of the parent directories): .git
2025-08-09 08:00:47.984 [info] > git rev-parse --show-toplevel [1ms]
2025-08-09 08:00:47.984 [info] fatal: not a git repository (or any of the parent directories): .git
2025-08-09 08:00:48.008 [info] > git rev-parse --show-toplevel [1ms]
2025-08-09 08:00:48.008 [info] fatal: not a git repository (or any of the parent directories): .git
2025-08-09 08:00:48.018 [info] > git rev-parse --show-toplevel [2ms]
2025-08-09 08:00:48.018 [info] fatal: not a git repository (or any of the parent directories): .git
2025-08-09 08:00:50.018 [info] > git rev-parse --show-toplevel [1ms]
2025-08-09 08:00:50.018 [info] fatal: not a git repository (or any of the parent directories): .git
2025-08-09 08:00:50.032 [info] > git rev-parse --show-toplevel [2ms]
2025-08-09 08:00:50.032 [info] fatal: not a git repository (or any of the parent directories): .git
2025-08-09 08:00:50.041 [info] > git rev-parse --show-toplevel [2ms]
2025-08-09 08:00:50.041 [info] fatal: not a git repository (or any of the parent directories): .git
2025-08-09 08:00:50.616 [info] > git rev-parse --show-toplevel [1ms]
2025-08-09 08:00:50.616 [info] fatal: not a git repository (or any of the parent directories): .git
2025-08-09 08:00:50.628 [info] > git rev-parse --show-toplevel [1ms]
2025-08-09 08:00:50.629 [info] fatal: not a git repository (or any of the parent directories): .git
2025-08-09 08:00:50.639 [info] > git rev-parse --show-toplevel [0ms]
2025-08-09 08:00:50.639 [info] fatal: not a git repository (or any of the parent directories): .git
2025-08-09 08:01:32.050 [info] > git rev-parse --show-toplevel [1ms]
2025-08-09 08:01:32.050 [info] fatal: not a git repository (or any of the parent directories): .git
2025-08-09 08:02:27.725 [info] > git rev-parse --show-toplevel [2ms]
2025-08-09 08:02:27.725 [info] fatal: not a git repository (or any of the parent directories): .git
2025-08-09 08:04:04.270 [info] > git rev-parse --show-toplevel [2ms]
2025-08-09 08:04:04.270 [info] fatal: not a git repository (or any of the parent directories): .git
2025-08-09 08:04:06.414 [info] > git rev-parse --show-toplevel [2ms]
2025-08-09 08:04:06.414 [info] fatal: not a git repository (or any of the parent directories): .git
2025-08-09 08:04:08.250 [info] > git rev-parse --show-toplevel [2ms]
2025-08-09 08:04:08.250 [info] fatal: not a git repository (or any of the parent directories): .git
2025-08-09 08:04:12.449 [info] > git rev-parse --show-toplevel [1ms]
2025-08-09 08:04:12.449 [info] fatal: not a git repository (or any of the parent directories): .git
2025-08-09 08:04:14.553 [info] > git rev-parse --show-toplevel [2ms]
2025-08-09 08:04:14.553 [info] fatal: not a git repository (or any of the parent directories): .git
2025-08-09 08:04:44.707 [info] > git rev-parse --show-toplevel [3ms]
2025-08-09 08:04:44.707 [info] fatal: not a git repository (or any of the parent directories): .git
2025-08-09 08:04:47.004 [info] > git rev-parse --show-toplevel [3ms]
2025-08-09 08:04:47.004 [info] fatal: not a git repository (or any of the parent directories): .git
2025-08-09 08:05:21.590 [info] > git rev-parse --show-toplevel [4ms]
2025-08-09 08:05:21.590 [info] fatal: not a git repository (or any of the parent directories): .git
2025-08-09 08:05:23.615 [info] > git rev-parse --show-toplevel [2ms]
2025-08-09 08:05:23.615 [info] fatal: not a git repository (or any of the parent directories): .git
2025-08-09 08:05:33.793 [info] > git rev-parse --show-toplevel [2ms]
2025-08-09 08:05:33.793 [info] fatal: not a git repository (or any of the parent directories): .git
2025-08-09 08:06:14.478 [info] > git rev-parse --show-toplevel [5ms]
2025-08-09 08:06:14.478 [info] fatal: not a git repository (or any of the parent directories): .git
2025-08-09 08:06:59.317 [info] > git rev-parse --show-toplevel [2ms]
2025-08-09 08:06:59.317 [info] fatal: not a git repository (or any of the parent directories): .git
2025-08-09 08:07:02.368 [info] > git rev-parse --show-toplevel [2ms]
2025-08-09 08:07:02.368 [info] fatal: not a git repository (or any of the parent directories): .git
2025-08-09 08:07:11.066 [info] > git rev-parse --show-toplevel [1ms]
2025-08-09 08:07:11.066 [info] fatal: not a git repository (or any of the parent directories): .git
2025-08-09 08:08:05.371 [info] > git rev-parse --show-toplevel [1ms]
2025-08-09 08:08:05.371 [info] fatal: not a git repository (or any of the parent directories): .git
2025-08-09 08:08:28.122 [info] > git rev-parse --show-toplevel [2ms]
2025-08-09 08:08:28.122 [info] fatal: not a git repository (or any of the parent directories): .git
2025-08-09 08:08:29.808 [info] > git rev-parse --show-toplevel [2ms]
2025-08-09 08:08:29.808 [info] fatal: not a git repository (or any of the parent directories): .git
2025-08-09 08:09:24.462 [info] > git rev-parse --show-toplevel [2ms]
2025-08-09 08:09:24.462 [info] fatal: not a git repository (or any of the parent directories): .git
2025-08-09 08:09:34.264 [info] > git rev-parse --show-toplevel [2ms]
2025-08-09 08:09:34.264 [info] fatal: not a git repository (or any of the parent directories): .git
2025-08-09 08:10:32.417 [info] > git rev-parse --show-toplevel [3ms]
2025-08-09 08:10:32.417 [info] fatal: not a git repository (or any of the parent directories): .git
2025-08-09 08:10:41.013 [info] > git rev-parse --show-toplevel [2ms]
2025-08-09 08:10:41.013 [info] fatal: not a git repository (or any of the parent directories): .git
2025-08-09 08:11:18.229 [info] > git rev-parse --show-toplevel [2ms]
2025-08-09 08:11:18.229 [info] fatal: not a git repository (or any of the parent directories): .git
2025-08-09 08:16:10.356 [info] > git rev-parse --show-toplevel [2ms]
2025-08-09 08:16:10.356 [info] fatal: not a git repository (or any of the parent directories): .git
2025-08-09 08:16:21.224 [info] > git rev-parse --show-toplevel [2ms]
2025-08-09 08:16:21.224 [info] fatal: not a git repository (or any of the parent directories): .git
2025-08-09 08:16:36.246 [info] > git rev-parse --show-toplevel [2ms]
2025-08-09 08:16:36.246 [info] fatal: not a git repository (or any of the parent directories): .git
2025-08-09 08:16:51.208 [info] > git rev-parse --show-toplevel [2ms]
2025-08-09 08:16:51.208 [info] fatal: not a git repository (or any of the parent directories): .git
2025-08-09 08:16:52.966 [info] > git rev-parse --show-toplevel [1ms]
2025-08-09 08:16:52.966 [info] fatal: not a git repository (or any of the parent directories): .git
2025-08-09 08:17:22.340 [info] > git rev-parse --show-toplevel [2ms]
2025-08-09 08:17:22.340 [info] fatal: not a git repository (or any of the parent directories): .git
2025-08-09 08:17:24.386 [info] > git rev-parse --show-toplevel [3ms]
2025-08-09 08:17:24.386 [info] fatal: not a git repository (or any of the parent directories): .git
2025-08-09 08:17:34.923 [info] > git rev-parse --show-toplevel [2ms]
2025-08-09 08:17:34.923 [info] fatal: not a git repository (or any of the parent directories): .git
2025-08-09 08:17:36.852 [info] > git rev-parse --show-toplevel [1ms]
2025-08-09 08:17:36.852 [info] fatal: not a git repository (or any of the parent directories): .git
2025-08-09 08:17:38.827 [info] > git rev-parse --show-toplevel [3ms]
2025-08-09 08:17:38.827 [info] fatal: not a git repository (or any of the parent directories): .git
2025-08-09 08:17:40.836 [info] > git rev-parse --show-toplevel [1ms]
2025-08-09 08:17:40.836 [info] fatal: not a git repository (or any of the parent directories): .git
2025-08-09 08:17:45.161 [info] > git rev-parse --show-toplevel [4ms]
2025-08-09 08:17:45.161 [info] fatal: not a git repository (or any of the parent directories): .git
2025-08-09 08:17:50.085 [info] > git rev-parse --show-toplevel [3ms]
2025-08-09 08:17:50.086 [info] fatal: not a git repository (or any of the parent directories): .git
2025-08-09 08:17:51.678 [info] > git rev-parse --show-toplevel [3ms]
2025-08-09 08:17:51.678 [info] fatal: not a git repository (or any of the parent directories): .git
2025-08-09 08:17:53.418 [info] > git rev-parse --show-toplevel [3ms]
2025-08-09 08:17:53.418 [info] fatal: not a git repository (or any of the parent directories): .git
2025-08-09 08:17:54.398 [info] > git rev-parse --show-toplevel [2ms]
2025-08-09 08:17:54.398 [info] fatal: not a git repository (or any of the parent directories): .git
2025-08-09 08:18:07.546 [info] > git rev-parse --show-toplevel [1ms]
2025-08-09 08:18:07.546 [info] fatal: not a git repository (or any of the parent directories): .git
2025-08-09 08:18:17.362 [info] > git rev-parse --show-toplevel [2ms]
2025-08-09 08:18:17.362 [info] fatal: not a git repository (or any of the parent directories): .git
2025-08-09 08:19:48.995 [info] > git rev-parse --show-toplevel [2ms]
2025-08-09 08:19:48.995 [info] fatal: not a git repository (or any of the parent directories): .git
2025-08-09 08:20:00.955 [info] > git rev-parse --show-toplevel [3ms]
2025-08-09 08:20:00.955 [info] fatal: not a git repository (or any of the parent directories): .git
2025-08-09 08:20:40.423 [info] > git rev-parse --show-toplevel [1ms]
2025-08-09 08:20:40.423 [info] fatal: not a git repository (or any of the parent directories): .git
2025-08-09 08:21:44.975 [info] > git rev-parse --show-toplevel [1ms]
2025-08-09 08:21:44.975 [info] fatal: not a git repository (or any of the parent directories): .git
2025-08-09 08:21:46.417 [info] > git rev-parse --show-toplevel [2ms]
2025-08-09 08:21:46.417 [info] fatal: not a git repository (or any of the parent directories): .git
2025-08-09 08:27:53.603 [info] > git rev-parse --show-toplevel [2ms]
2025-08-09 08:27:53.603 [info] fatal: not a git repository (or any of the parent directories): .git
2025-08-09 08:27:54.642 [info] > git rev-parse --show-toplevel [2ms]
2025-08-09 08:27:54.642 [info] fatal: not a git repository (or any of the parent directories): .git
2025-08-09 08:28:17.758 [info] > git rev-parse --show-toplevel [1ms]
2025-08-09 08:28:17.758 [info] fatal: not a git repository (or any of the parent directories): .git
2025-08-09 08:28:20.630 [info] > git rev-parse --show-toplevel [3ms]
2025-08-09 08:28:20.631 [info] fatal: not a git repository (or any of the parent directories): .git
2025-08-09 08:28:37.731 [info] > git rev-parse --show-toplevel [2ms]
2025-08-09 08:28:37.731 [info] fatal: not a git repository (or any of the parent directories): .git
2025-08-09 08:29:30.090 [info] > git rev-parse --show-toplevel [2ms]
2025-08-09 08:29:30.090 [info] fatal: not a git repository (or any of the parent directories): .git
2025-08-09 08:30:28.226 [info] > git rev-parse --show-toplevel [16ms]
2025-08-09 08:30:28.226 [info] fatal: not a git repository (or any of the parent directories): .git
2025-08-09 08:30:34.661 [info] > git rev-parse --show-toplevel [2ms]
2025-08-09 08:30:34.662 [info] fatal: not a git repository (or any of the parent directories): .git
2025-08-09 08:32:55.022 [info] > git rev-parse --show-toplevel [1ms]
2025-08-09 08:32:55.022 [info] fatal: not a git repository (or any of the parent directories): .git
2025-08-09 08:34:25.687 [info] > git rev-parse --show-toplevel [6ms]
2025-08-09 08:34:25.687 [info] fatal: not a git repository (or any of the parent directories): .git
2025-08-09 08:34:44.257 [info] > git rev-parse --show-toplevel [2ms]
2025-08-09 08:34:44.257 [info] fatal: not a git repository (or any of the parent directories): .git
2025-08-09 08:34:52.650 [info] > git rev-parse --show-toplevel [1ms]
2025-08-09 08:34:52.650 [info] fatal: not a git repository (or any of the parent directories): .git
2025-08-09 08:34:59.825 [info] > git rev-parse --show-toplevel [4ms]
2025-08-09 08:34:59.825 [info] fatal: not a git repository (or any of the parent directories): .git
2025-08-09 08:35:01.422 [info] > git rev-parse --show-toplevel [2ms]
2025-08-09 08:35:01.422 [info] fatal: not a git repository (or any of the parent directories): .git
2025-08-09 08:35:03.280 [info] > git rev-parse --show-toplevel [2ms]
2025-08-09 08:35:03.280 [info] fatal: not a git repository (or any of the parent directories): .git
2025-08-09 08:35:25.384 [info] > git rev-parse --show-toplevel [2ms]
2025-08-09 08:35:25.384 [info] fatal: not a git repository (or any of the parent directories): .git
2025-08-09 08:36:16.469 [info] > git rev-parse --show-toplevel [2ms]
2025-08-09 08:36:16.469 [info] fatal: not a git repository (or any of the parent directories): .git
2025-08-09 08:36:21.965 [info] > git rev-parse --show-toplevel [2ms]
2025-08-09 08:36:21.965 [info] fatal: not a git repository (or any of the parent directories): .git
2025-08-09 08:36:26.665 [info] > git rev-parse --show-toplevel [1ms]
2025-08-09 08:36:26.665 [info] fatal: not a git repository (or any of the parent directories): .git
2025-08-09 08:36:28.948 [info] > git rev-parse --show-toplevel [2ms]
2025-08-09 08:36:28.948 [info] fatal: not a git repository (or any of the parent directories): .git
2025-08-09 08:36:30.194 [info] > git rev-parse --show-toplevel [2ms]
2025-08-09 08:36:30.194 [info] fatal: not a git repository (or any of the parent directories): .git
2025-08-09 08:36:32.193 [info] > git rev-parse --show-toplevel [1ms]
2025-08-09 08:36:32.193 [info] fatal: not a git repository (or any of the parent directories): .git
2025-08-09 09:18:47.255 [info] > git rev-parse --show-toplevel [4ms]
2025-08-09 09:18:47.255 [info] fatal: not a git repository (or any of the parent directories): .git
2025-08-09 09:51:55.582 [info] > git rev-parse --show-toplevel [2ms]
2025-08-09 09:51:55.582 [info] fatal: not a git repository (or any of the parent directories): .git
